{
  "RSpec": {
    "coverage": {
      "C:/Users/Fabrixio Freitag/Desktop/ruby/spec/item_spec.rb": [
        1,
        null,
        1,
        null,
        6,
        6,
        6,
        null,
        1,
        4,
        null,
        null,
        1,
        1,
        4,
        null,
        null,
        1,
        1,
        1,
        4,
        null,
        null,
        1,
        1,
        1,
        4,
        null,
        null,
        1,
        1,
        4,
        null,
        null,
        null
      ],
      "C:/Users/Fabrixio Freitag/Desktop/ruby/spec/sulfuras_spec.rb": [
        1,
        null,
        3,
        null,
        null,
        3,
        3,
        3,
        null,
        1,
        4,
        4,
        null,
        null,
        1,
        4,
        4,
        null,
        null,
        null
      ]
    },
    "timestamp": 1492683092
  }
}
