{
  "Unknown Test Framework": {
    "coverage": {
    },
    "timestamp": 1492691733
  },
  "RSpec": {
    "coverage": {
      "/home/fabricio/Desktop/gilted_rose/spec/backstage_passes_spec.rb": [
        1,
        null,
        1,
        null,
        1,
        null,
        4,
        null,
        5,
        5,
        null,
        1,
        1,
        1,
        4,
        null,
        null,
        null,
        1,
        1,
        1,
        4,
        null,
        null,
        null,
        1,
        1,
        1,
        4,
        null,
        null,
        null,
        1,
        1,
        1,
        1,
        4,
        null,
        null,
        null,
        null
      ],
      "/home/fabricio/Desktop/gilted_rose/spec/conjured_item_spec.rb": [
        1,
        null,
        1,
        null,
        1,
        1,
        1,
        null,
        1,
        1,
        0,
        0,
        0,
        null,
        null,
        null
      ],
      "/home/fabricio/Desktop/gilted_rose/spec/gilded_rose_spec.rb": [
        1,
        null,
        1,
        null,
        2,
        2,
        null,
        1,
        1,
        1,
        null,
        null,
        null,
        null
      ],
      "/home/fabricio/Desktop/gilted_rose/spec/item_spec.rb": [
        1,
        null,
        1,
        null,
        6,
        6,
        6,
        null,
        1,
        4,
        null,
        null,
        1,
        1,
        4,
        null,
        null,
        1,
        1,
        1,
        4,
        null,
        null,
        1,
        1,
        1,
        4,
        null,
        null,
        1,
        1,
        4,
        null,
        null,
        null
      ],
      "/home/fabricio/Desktop/gilted_rose/spec/sulfuras_spec.rb": [
        1,
        null,
        1,
        null,
        3,
        3,
        3,
        null,
        1,
        4,
        null,
        null,
        1,
        4,
        null,
        null,
        null
      ]
    },
    "timestamp": 1492699610
  }
}
